{"level":"info","message":"Posts obtidos com sucesso!"}
{"level":"info","message":"Posts obtidos com sucesso!"}
{"level":"info","message":"Posts obtidos com sucesso!"}
{"level":"info","message":"Posts obtidos com sucesso!"}
{"level":"info","message":"Posts obtidos com sucesso!"}
{"level":"info","message":"Posts obtidos com sucesso!"}
{"level":"info","message":"Posts obtidos com sucesso!"}
{"level":"info","message":"Posts obtidos com sucesso!"}
{"level":"info","message":"Posts obtidos com sucesso!"}
{"level":"info","message":"Posts obtidos com sucesso!"}
{"level":"info","message":"Posts obtidos com sucesso!"}
{"level":"info","message":"Posts obtidos com sucesso!"}
{"level":"info","message":"Posts obtidos com sucesso!"}
{"level":"info","message":"Posts obtidos com sucesso!"}
{"level":"info","message":"Posts obtidos com sucesso!"}
{"level":"info","message":"Posts obtidos com sucesso!"}
{"level":"info","message":"Posts obtidos com sucesso!"}
{"level":"info","message":"Posts obtidos com sucesso!"}
{"level":"info","message":"Posts obtidos com sucesso!"}
{"level":"info","message":"Posts obtidos com sucesso!"}
{"level":"info","message":"Posts obtidos com sucesso!"}
{"level":"info","message":"Posts obtidos com sucesso!"}
{"level":"info","message":"Posts obtidos com sucesso!"}
{"level":"info","message":"Posts obtidos com sucesso!"}
{"level":"info","message":"Posts obtidos com sucesso!"}
{"level":"info","message":"Posts obtidos com sucesso!"}
{"level":"info","message":"Posts obtidos com sucesso!"}
{"level":"info","message":"Posts obtidos com sucesso!"}
{"level":"info","message":"Posts obtidos com sucesso!"}
{"level":"info","message":"Posts obtidos com sucesso!"}
{"level":"info","message":"Posts obtidos com sucesso!"}
{"level":"info","message":"Posts obtidos com sucesso!"}
{"level":"info","message":"Posts obtidos com sucesso!"}
{"level":"info","message":"Posts obtidos com sucesso!"}
{"level":"info","message":"Posts obtidos com sucesso!"}
{"level":"info","message":"Posts obtidos com sucesso!"}
{"level":"info","message":"Posts obtidos com sucesso!"}
{"level":"info","message":"Posts obtidos com sucesso!"}
{"level":"info","message":"Posts obtidos com sucesso!"}
{"level":"info","message":"Posts obtidos com sucesso!"}
{"level":"info","message":"Posts obtidos com sucesso!"}
{"level":"info","message":"Posts obtidos com sucesso!"}
{"level":"info","message":"Posts obtidos com sucesso!"}
{"level":"info","message":"Posts obtidos com sucesso!"}
{"level":"info","message":"Posts obtidos com sucesso!"}
{"level":"info","message":"Posts obtidos com sucesso!"}
{"level":"info","message":"Posts obtidos com sucesso!"}
{"level":"info","message":"Posts obtidos com sucesso!"}
{"level":"info","message":"Posts obtidos com sucesso!"}
{"level":"info","message":"Posts obtidos com sucesso!"}
{"level":"info","message":"Posts obtidos com sucesso!"}
{"level":"info","message":"Posts obtidos com sucesso!"}
{"level":"info","message":"Posts obtidos com sucesso!"}
{"level":"info","message":"Posts obtidos com sucesso!"}
{"level":"info","message":"Posts obtidos com sucesso!"}
{"level":"info","message":"Posts obtidos com sucesso!"}
{"level":"info","message":"Posts obtidos com sucesso!"}
{"level":"info","message":"Posts obtidos com sucesso!"}
{"level":"info","message":"Posts obtidos com sucesso!"}
{"level":"info","message":"Posts obtidos com sucesso!"}
{"level":"info","message":"Posts obtidos com sucesso!"}
{"level":"info","message":"Posts obtidos com sucesso!"}
{"level":"info","message":"Posts obtidos com sucesso!"}
{"level":"info","message":"Posts obtidos com sucesso!"}
{"level":"info","message":"Posts obtidos com sucesso!"}
{"level":"info","message":"Posts obtidos com sucesso!"}
{"level":"info","message":"Posts obtidos com sucesso!"}
{"level":"info","message":"Posts obtidos com sucesso!"}
{"level":"info","message":"Posts obtidos com sucesso!"}
{"level":"info","message":"Posts obtidos com sucesso!"}
{"level":"info","message":"Posts obtidos com sucesso!"}
{"level":"info","message":"Posts obtidos com sucesso!"}
{"level":"info","message":"Posts obtidos com sucesso!"}
{"level":"info","message":"Posts obtidos com sucesso!"}
{"level":"info","message":"Posts obtidos com sucesso!"}
{"level":"info","message":"Posts obtidos com sucesso!"}
{"level":"info","message":"Posts obtidos com sucesso!"}
{"level":"info","message":"Posts obtidos com sucesso!"}
{"level":"info","message":"Posts obtidos com sucesso!"}
{"level":"info","message":"Posts obtidos com sucesso!"}
{"level":"info","message":"Posts obtidos com sucesso!"}
{"level":"info","message":"Posts obtidos com sucesso!"}
{"level":"info","message":"Posts obtidos com sucesso!"}
{"level":"info","message":"Posts obtidos com sucesso!"}
{"level":"info","message":"Posts obtidos com sucesso!"}
{"level":"info","message":"Posts obtidos com sucesso!"}
{"level":"info","message":"Posts obtidos com sucesso!"}
{"level":"info","message":"Posts obtidos com sucesso!"}
{"level":"info","message":"Posts obtidos com sucesso!"}
{"level":"info","message":"Posts obtidos com sucesso!"}
{"level":"info","message":"Posts obtidos com sucesso!"}
{"level":"info","message":"Posts obtidos com sucesso!"}
{"level":"info","message":"Posts obtidos com sucesso!"}
{"level":"info","message":"Posts obtidos com sucesso!"}
{"level":"info","message":"Posts obtidos com sucesso!"}
{"level":"info","message":"Posts obtidos com sucesso!"}
{"level":"info","message":"Posts obtidos com sucesso!"}
{"level":"info","message":"Posts obtidos com sucesso!"}
{"level":"info","message":"Posts obtidos com sucesso!"}
{"level":"info","message":"Posts obtidos com sucesso!"}
{"level":"info","message":"Posts obtidos com sucesso!"}
{"level":"info","message":"Posts obtidos com sucesso!"}
{"level":"info","message":"Posts obtidos com sucesso!"}
{"level":"info","message":"Posts obtidos com sucesso!"}
{"level":"info","message":"Posts obtidos com sucesso!"}
{"level":"info","message":"Posts obtidos com sucesso!"}
{"level":"info","message":"Posts obtidos com sucesso!"}
{"level":"info","message":"Posts obtidos com sucesso!"}
{"level":"info","message":"Posts obtidos com sucesso!"}
{"level":"info","message":"Posts obtidos com sucesso!"}
{"level":"info","message":"Posts obtidos com sucesso!"}
{"level":"info","message":"Posts obtidos com sucesso!"}
{"level":"info","message":"Posts obtidos com sucesso!"}
{"level":"info","message":"Posts obtidos com sucesso!"}
{"level":"info","message":"Posts obtidos com sucesso!"}
{"level":"info","message":"Posts obtidos com sucesso!"}
{"level":"info","message":"Posts obtidos com sucesso!"}
{"level":"info","message":"Posts obtidos com sucesso!"}
{"level":"info","message":"Posts obtidos com sucesso!"}
{"level":"info","message":"Posts obtidos com sucesso!"}
{"level":"info","message":"Posts obtidos com sucesso!"}
{"level":"info","message":"Posts obtidos com sucesso!"}
{"level":"info","message":"Posts obtidos com sucesso!"}
{"level":"info","message":"Posts obtidos com sucesso!"}
{"level":"info","message":"Posts obtidos com sucesso!"}
{"level":"info","message":"Posts obtidos com sucesso!"}
{"level":"info","message":"Posts obtidos com sucesso!"}
{"level":"info","message":"Posts obtidos com sucesso!"}
{"level":"info","message":"Posts obtidos com sucesso!"}
{"level":"info","message":"Posts obtidos com sucesso!"}
{"level":"info","message":"Posts obtidos com sucesso!"}
{"level":"info","message":"Posts obtidos com sucesso!"}
{"level":"info","message":"Posts obtidos com sucesso!"}
{"level":"info","message":"Posts obtidos com sucesso!"}
{"level":"info","message":"Posts obtidos com sucesso!"}
{"level":"info","message":"Posts obtidos com sucesso!"}
{"level":"info","message":"Posts obtidos com sucesso!"}
{"level":"info","message":"Posts obtidos com sucesso!"}
{"level":"info","message":"Posts obtidos com sucesso!"}
{"level":"info","message":"Posts obtidos com sucesso!"}
{"level":"info","message":"Posts obtidos com sucesso!"}
{"level":"info","message":"Posts obtidos com sucesso!"}
{"level":"info","message":"Posts obtidos com sucesso!"}
{"level":"info","message":"Posts obtidos com sucesso!"}
{"level":"info","message":"Posts obtidos com sucesso!"}
{"level":"info","message":"Posts obtidos com sucesso!"}
{"level":"info","message":"Posts obtidos com sucesso!"}
{"level":"info","message":"Posts obtidos com sucesso!"}
{"level":"info","message":"Posts obtidos com sucesso!"}
{"level":"info","message":"Posts obtidos com sucesso!"}
{"level":"info","message":"Posts obtidos com sucesso!"}
{"level":"info","message":"Posts obtidos com sucesso!"}
{"level":"info","message":"Posts obtidos com sucesso!"}
{"level":"info","message":"Posts obtidos com sucesso!"}
{"level":"info","message":"Posts obtidos com sucesso!"}
{"level":"info","message":"Posts obtidos com sucesso!"}
{"level":"info","message":"Posts obtidos com sucesso!"}
{"level":"info","message":"Posts obtidos com sucesso!"}
{"level":"info","message":"Posts obtidos com sucesso!"}
{"level":"info","message":"Posts obtidos com sucesso!"}
{"level":"info","message":"Posts obtidos com sucesso!"}
{"level":"info","message":"Posts obtidos com sucesso!"}
{"level":"info","message":"Posts obtidos com sucesso!"}
{"level":"info","message":"Posts obtidos com sucesso!"}
{"level":"info","message":"Posts obtidos com sucesso!"}
{"level":"info","message":"Posts obtidos com sucesso!"}
{"level":"info","message":"Posts obtidos com sucesso!"}
{"level":"info","message":"Posts obtidos com sucesso!"}
{"level":"info","message":"Posts obtidos com sucesso!"}
{"level":"info","message":"Posts obtidos com sucesso!"}
{"level":"info","message":"Posts obtidos com sucesso!"}
{"level":"info","message":"Posts obtidos com sucesso!"}
{"level":"info","message":"Posts obtidos com sucesso!"}
{"level":"info","message":"Posts obtidos com sucesso!"}
{"level":"info","message":"Posts obtidos com sucesso!"}
{"level":"info","message":"Posts obtidos com sucesso!"}
{"level":"info","message":"Posts obtidos com sucesso!"}
{"level":"info","message":"Posts obtidos com sucesso!"}
{"level":"info","message":"Posts obtidos com sucesso!"}
{"level":"info","message":"Posts obtidos com sucesso!"}
{"level":"info","message":"Posts obtidos com sucesso!"}
{"level":"info","message":"Posts obtidos com sucesso"}
{"level":"info","message":"Posts obtidos com sucesso"}
{"level":"info","message":"Posts obtidos com sucesso"}
{"level":"info","message":"Posts obtidos com sucesso!"}
{"level":"info","message":"Posts obtidos com sucesso"}
{"level":"info","message":"Posts obtidos com sucesso!"}
{"level":"info","message":"Posts obtidos com sucesso!"}
{"level":"info","message":"Posts obtidos com sucesso!"}
{"level":"info","message":"Posts obtidos com sucesso!"}
{"level":"info","message":"Posts obtidos com sucesso!"}
{"level":"info","message":"Posts obtidos com sucesso!"}
{"level":"info","message":"Posts obtidos com sucesso!"}
{"level":"info","message":"Posts obtidos com sucesso!"}
{"level":"info","message":"Posts obtidos com sucesso!"}
{"level":"info","message":"Posts obtidos com sucesso!"}
{"level":"info","message":"Posts obtidos com sucesso!"}
{"level":"info","message":"Posts obtidos com sucesso!"}
{"level":"info","message":"Posts obtidos com sucesso!"}
{"level":"info","message":"Posts obtidos com sucesso!"}
{"level":"info","message":"Posts obtidos com sucesso!"}
{"level":"info","message":"Posts obtidos com sucesso!"}
{"level":"info","message":"Posts obtidos com sucesso!"}
{"level":"info","message":"Posts obtidos com sucesso!"}
{"level":"info","message":"Posts obtidos com sucesso!"}
{"level":"info","message":"Posts obtidos com sucesso"}
{"level":"info","message":"Posts obtidos com sucesso"}
{"level":"info","message":"Posts obtidos com sucesso"}
{"level":"info","message":"Posts obtidos com sucesso"}
{"level":"info","message":"Posts obtidos com sucesso"}
{"level":"info","message":"Posts obtidos com sucesso"}
{"level":"info","message":"Posts obtidos com sucesso"}
{"level":"info","message":"Posts obtidos com sucesso"}
{"level":"info","message":"Posts obtidos com sucesso"}
{"level":"info","message":"Posts obtidos com sucesso"}
{"level":"info","message":"Posts obtidos com sucesso"}
{"level":"info","message":"Posts obtidos com sucesso"}
{"level":"info","message":"Posts obtidos com sucesso"}
{"level":"info","message":"Posts obtidos com sucesso"}
{"level":"info","message":"Posts obtidos com sucesso"}
{"level":"info","message":"Posts obtidos com sucesso"}
{"level":"info","message":"Posts obtidos com sucesso"}
{"level":"info","message":"Posts obtidos com sucesso"}
{"level":"info","message":"Posts obtidos com sucesso"}
{"level":"info","message":"Posts obtidos com sucesso"}
{"level":"info","message":"Posts obtidos com sucesso"}
{"level":"info","message":"Posts obtidos com sucesso"}
{"level":"info","message":"Posts obtidos com sucesso"}
{"level":"info","message":"Posts obtidos com sucesso"}
{"level":"info","message":"Posts obtidos com sucesso"}
{"level":"info","message":"Posts obtidos com sucesso"}
{"level":"info","message":"Posts obtidos com sucesso"}
{"level":"info","message":"Posts obtidos com sucesso"}
{"level":"info","message":"Posts obtidos com sucesso"}
{"level":"info","message":"Posts obtidos com sucesso"}
{"level":"info","message":"Posts obtidos com sucesso"}
{"level":"info","message":"Posts obtidos com sucesso"}
{"level":"info","message":"Posts obtidos com sucesso"}
{"level":"info","message":"Posts obtidos com sucesso"}
{"level":"info","message":"Posts obtidos com sucesso"}
{"level":"info","message":"Posts obtidos com sucesso"}
{"level":"info","message":"Posts obtidos com sucesso"}
{"level":"info","message":"Posts obtidos com sucesso"}
{"level":"info","message":"Posts obtidos com sucesso"}
{"level":"info","message":"Posts obtidos com sucesso"}
{"level":"info","message":"Posts obtidos com sucesso"}
{"level":"info","message":"Posts obtidos com sucesso"}
{"level":"info","message":"Posts obtidos com sucesso"}
{"level":"info","message":"Posts obtidos com sucesso"}
{"level":"info","message":"Posts obtidos com sucesso!"}
{"level":"info","message":"Posts obtidos com sucesso!"}
{"level":"info","message":"Posts obtidos com sucesso!"}
{"level":"info","message":"Posts obtidos com sucesso!"}
{"level":"info","message":"Posts obtidos com sucesso!"}
{"level":"info","message":"Posts obtidos com sucesso!"}
{"level":"info","message":"Posts obtidos com sucesso!"}
{"level":"info","message":"Posts obtidos com sucesso!"}
{"level":"info","message":"Posts obtidos com sucesso"}
{"level":"info","message":"Posts obtidos com sucesso"}
{"level":"info","message":"Posts obtidos com sucesso!"}
{"level":"info","message":"Posts obtidos com sucesso!"}
{"level":"info","message":"Posts obtidos com sucesso"}
{"error":{"clientVersion":"6.8.2","name":"PrismaClientInitializationError"},"level":"error","message":"Falha ao obter posts"}
{"error":{"clientVersion":"6.8.2","name":"PrismaClientInitializationError"},"level":"error","message":"Falha ao obter posts"}
{"error":{"clientVersion":"6.8.2","name":"PrismaClientInitializationError"},"level":"error","message":"Falha ao obter posts"}
{"error":{"clientVersion":"6.8.2","name":"PrismaClientInitializationError"},"level":"error","message":"Falha ao obter posts"}
{"error":{"clientVersion":"6.8.2","name":"PrismaClientInitializationError"},"level":"error","message":"Falha ao obter posts"}
{"error":{},"level":"error","message":"Falha ao obter posts"}
{"error":{},"level":"error","message":"Falha ao obter posts"}
{"error":{"clientVersion":"6.8.2","name":"PrismaClientValidationError"},"level":"error","message":"Falha ao obter posts"}
{"error":{},"level":"error","message":"Falha ao obter posts"}
{"error":{},"level":"error","message":"Falha ao obter posts"}
{"level":"error","message":"Falha ao obter o post com slug: "}
{"level":"error","message":"Falha ao obter o post com slug: "}
{"level":"error","message":"Falha ao obter o post com slug: "}
{"level":"error","message":"Falha ao obter o post com slug: "}
{"error":{"clientVersion":"6.8.2","name":"PrismaClientInitializationError"},"level":"error","message":"Falha ao obter posts"}
{"error":{"clientVersion":"6.8.2","name":"PrismaClientInitializationError"},"level":"error","message":"Falha ao obter posts"}
{"error":{"clientVersion":"6.8.2","name":"PrismaClientInitializationError"},"level":"error","message":"Falha ao obter posts"}
{"error":{"clientVersion":"6.8.2","name":"PrismaClientInitializationError"},"level":"error","message":"Falha ao obter posts"}
{"error":{"clientVersion":"6.8.2","name":"PrismaClientInitializationError"},"level":"error","message":"Falha ao obter posts"}
{"error":{"clientVersion":"6.8.2","name":"PrismaClientInitializationError"},"level":"error","message":"Falha ao obter posts"}
{"error":{"clientVersion":"6.8.2","name":"PrismaClientInitializationError"},"level":"error","message":"Falha ao obter posts"}
{"error":{"clientVersion":"6.8.2","name":"PrismaClientInitializationError"},"level":"error","message":"Falha ao obter posts"}
{"error":{"clientVersion":"6.8.2","name":"PrismaClientInitializationError"},"level":"error","message":"Falha ao obter posts"}
{"error":{"clientVersion":"6.8.2","name":"PrismaClientInitializationError"},"level":"error","message":"Falha ao obter posts"}
{"error":{},"level":"error","message":"Falha ao obter posts"}
{"error":{},"level":"error","message":"Falha ao obter posts"}
{"error":{"clientVersion":"6.8.2","name":"PrismaClientInitializationError"},"level":"error","message":"Falha ao obter posts"}
{"error":{"clientVersion":"6.8.2","name":"PrismaClientInitializationError"},"level":"error","message":"Falha ao obter posts"}
{"error":{"clientVersion":"6.8.2","name":"PrismaClientInitializationError"},"level":"error","message":"Falha ao obter posts"}
{"error":{"clientVersion":"6.8.2","name":"PrismaClientInitializationError"},"level":"error","message":"Falha ao obter posts"}
{"error":{"clientVersion":"6.8.2","name":"PrismaClientInitializationError"},"level":"error","message":"Falha ao obter posts"}
{"error":{"clientVersion":"6.8.2","name":"PrismaClientInitializationError"},"level":"error","message":"Falha ao obter posts"}
{"error":{"clientVersion":"6.8.2","name":"PrismaClientInitializationError"},"level":"error","message":"Falha ao obter posts"}
{"error":{},"level":"error","message":"Falha ao obter posts"}
{"error":{"clientVersion":"6.8.2","name":"PrismaClientInitializationError"},"level":"error","message":"Falha ao obter posts"}
{"error":{"clientVersion":"6.8.2","name":"PrismaClientInitializationError"},"level":"error","message":"Falha ao obter posts"}
{"error":{"clientVersion":"6.8.2","name":"PrismaClientInitializationError"},"level":"error","message":"Falha ao obter posts"}
{"error":{"clientVersion":"6.8.2","name":"PrismaClientInitializationError"},"level":"error","message":"Falha ao obter posts"}
{"error":{"clientVersion":"6.8.2","name":"PrismaClientInitializationError"},"level":"error","message":"Falha ao obter posts"}
{"error":{"clientVersion":"6.8.2","name":"PrismaClientInitializationError"},"level":"error","message":"Falha ao obter posts"}
{"error":{"clientVersion":"6.8.2","name":"PrismaClientInitializationError"},"level":"error","message":"Falha ao obter posts"}
{"error":{"clientVersion":"6.8.2","name":"PrismaClientInitializationError"},"level":"error","message":"Falha ao obter posts"}
{"error":{"clientVersion":"6.8.2","name":"PrismaClientInitializationError"},"level":"error","message":"Falha ao obter posts"}
{"error":{"clientVersion":"6.8.2","name":"PrismaClientInitializationError"},"level":"error","message":"Falha ao obter posts"}
{"level":"error","message":"Falha ao obter o post com slug: "}
{"error":{"clientVersion":"6.8.2","name":"PrismaClientInitializationError"},"level":"error","message":"Falha ao obter posts"}
